{
  "0 debug pnpm:scope": {
    "selected": 1,
    "workspacePrefix": null
  },
  "1 error pnpm": {
    "message": {
      "errno": 1,
      "code": "ELIFECYCLE",
      "pkgid": "",
      "stage": "watch",
      "script": "npm run development -- --watch"
    },
    "err": {
      "name": "Error",
      "message": " watch: `npm run development -- --watch`\nExit status 1",
      "code": "ELIFECYCLE",
      "stack": "Error:  watch: `npm run development -- --watch`\nExit status 1\n    at EventEmitter.<anonymous> (/home/pam/.nvm/versions/node/v12.12.0/pnpm-global/3/node_modules/.pnpm/registry.npmjs.org/pnpm/4.0.2/node_modules/pnpm/lib/node_modules/@zkochan/npm-lifecycle/index.js:302:16)\n    at EventEmitter.emit (events.js:210:5)\n    at ChildProcess.<anonymous> (/home/pam/.nvm/versions/node/v12.12.0/pnpm-global/3/node_modules/.pnpm/registry.npmjs.org/pnpm/4.0.2/node_modules/pnpm/lib/node_modules/@zkochan/npm-lifecycle/lib/spawn.js:55:14)\n    at ChildProcess.emit (events.js:210:5)\n    at maybeClose (internal/child_process.js:1021:16)\n    at Process.ChildProcess._handle.onexit (internal/child_process.js:283:5)"
    }
  }
}